Drill Listing
=============
Drill: .02  Tool: 1  Feed: 197  Speed: 550
X 137500  Y 182500
X 216000  Y 131000
X 216000  Y 140500
X 216000  Y 152500
X 216000  Y 119000
X 288000  Y 143000
X 323000  Y 141000
X 338000  Y 141000
X 340500  Y 115000
X 402500  Y 140000
X 412500  Y 150000
X 442000  Y 179500
X 514500  Y 171500
X 526500  Y 171500
X 701500  Y 159500
X 714000  Y 159500
X 950500  Y 164000
X 937500  Y 190000
X 885000  Y 199500
X 885000  Y 210500
X 877500  Y 224500
X 877500  Y 235500
X 753500  Y 220500
X 682500  Y 242500
X 542500  Y 225000
X 537500  Y 230500
X 537500  Y 260000
X 389500  Y 215000
X 365500  Y 215000
X 355000  Y 210500
X 340500  Y 240500
X 265000  Y 203500
X 252500  Y 222500
X 245000  Y 222500
X 237500  Y 222500
X 216000  Y 244000
X 216000  Y 256000
X 137500  Y 307500
X 216000  Y 265500
X 216000  Y 277500
X 240000  Y 280000
X 245000  Y 285000
X 250000  Y 280000
X 255000  Y 285000
X 288000  Y 268000
X 322500  Y 266000
X 338000  Y 266000
X 402500  Y 265000
X 412500  Y 275500
X 442000  Y 304500
X 514500  Y 296500
X 526500  Y 296500
X 542500  Y 265000
X 567500  Y 270000
X 576500  Y 310000
X 701500  Y 285000
X 713500  Y 290000
X 785000  Y 305500
X 788000  Y 261500
X 847500  Y 262500
X 906000  Y 282500
X 926000  Y 262500
X 940000  Y 270000
X 884000  Y 376500
X 844000  Y 337000
X 826500  Y 336500
X 803000  Y 362000
X 770000  Y 358500
X 765000  Y 385000
X 740000  Y 366500
X 738500  Y 329500
X 718000  Y 324000
X 655000  Y 338500
X 655000  Y 350000
X 655000  Y 362500
X 623000  Y 377500
X 590500  Y 372500
X 590000  Y 330000
X 582500  Y 324000
X 575000  Y 337500
X 547500  Y 330500
X 515000  Y 330500
X 395000  Y 385000
X 390000  Y 340000
X 365000  Y 340000
X 362500  Y 377500
X 357500  Y 372500
X 355000  Y 335500
X 348500  Y 372000
X 330000  Y 362500
X 325000  Y 367500
X 310500  Y 372000
X 283500  Y 372000
X 276500  Y 372000
X 265000  Y 362500
X 264000  Y 328500
X 260000  Y 367500
X 245500  Y 372000
X 232500  Y 362500
X 241500  Y 415000
X 260000  Y 410000
X 296500  Y 393500
X 315000  Y 405000
X 330000  Y 432000
X 332500  Y 410000
X 361500  Y 393500
X 415000  Y 410000
X 420000  Y 397500
X 425000  Y 402500
X 440000  Y 412000
X 467000  Y 407500
X 472000  Y 402500
X 492000  Y 405000
X 509500  Y 412000
X 522000  Y 412000
X 560500  Y 412000
X 573000  Y 396000
X 597000  Y 396000
X 613000  Y 405000
X 622500  Y 400000
X 630000  Y 412000
X 642500  Y 412000
X 724500  Y 410000
X 737000  Y 428000
X 780000  Y 425000
X 787000  Y 408000
X 790000  Y 387000
X 815000  Y 405000
X 822500  Y 432500
X 847500  Y 411000
X 847500  Y 400000
X 855000  Y 400000
X 861000  Y 408000
X 872500  Y 427500
X 888000  Y 403500
X 842500  Y 450000
X 826000  Y 445000
X 802500  Y 469500
X 802500  Y 480500
X 774500  Y 457500
X 737000  Y 451500
X 737000  Y 438500
X 727500  Y 457500
X 727500  Y 467500
X 715000  Y 439500
X 690000  Y 475000
X 675000  Y 485000
X 665000  Y 475000
X 660000  Y 480000
X 592500  Y 452500
X 587500  Y 447500
X 582500  Y 442500
X 572500  Y 437500
X 523000  Y 472500
X 477500  Y 472500
X 477000  Y 442500
X 472000  Y 457500
X 467000  Y 452500
X 462000  Y 447500
X 452000  Y 437500
X 443000  Y 442500
X 415000  Y 480000
X 397500  Y 469000
X 397500  Y 477500
X 330000  Y 443000
X 300000  Y 476000
X 300000  Y 484000
X 256000  Y 439000
X 222500  Y 447500
X 197000  Y 488000
X 550000  Y 645000
X 555000  Y 630000
X 565000  Y 650000
X 580000  Y 660000
X 585000  Y 645000
X 670000  Y 490000
X 745500  Y 488000
X 617500  Y 702500
X 610000  Y 722500
X 595000  Y 692500
X 570000  Y 672500
X 547500  Y 685000
X 545000  Y 665000
X 542500  Y 690000
X 525000  Y 715000
X 525000  Y 707500

Drill: .035  Tool: 2  Feed: 197  Speed: 550
X 190000  Y 185000
X 190000  Y 310000
X 200000  Y 185000
X 200000  Y 310000
X 610000  Y 310000
X 620000  Y 310000

Drill: .037  Tool: 3  Feed: 197  Speed: 550
X 126000  Y 155000
X 126000  Y 165000
X 126000  Y 175000
X 126000  Y 205000
X 126000  Y 215000
X 126000  Y 225000
X 170000  Y 117500
X 170000  Y 131300
X 171500  Y 242500
X 171500  Y 256300
X 126000  Y 280000
X 126000  Y 290000
X 126000  Y 300000
X 126000  Y 330000
X 126000  Y 340000
X 126000  Y 350000
X 126000  Y 375000
X 126000  Y 385000
X 126000  Y 395000
X 126000  Y 425000
X 126000  Y 435000
X 126000  Y 445000
X 175000  Y 373000
X 175000  Y 386800
X 613000  Y 530600
X 613000  Y 520600
X 603000  Y 530600
X 603000  Y 520600
X 593000  Y 530600
X 593000  Y 520600
X 583000  Y 530600
X 583000  Y 520600
X 573000  Y 530600
X 573000  Y 520600
X 563000  Y 530600
X 563000  Y 520600
X 553000  Y 520600
X 553000  Y 530600
X 543000  Y 530600
X 543000  Y 520600
X 533000  Y 530600
X 533000  Y 520600
X 523000  Y 530600
X 523000  Y 520600
X 513000  Y 530600
X 513000  Y 520600
X 503000  Y 530600
X 503000  Y 520600
X 493000  Y 530600
X 493000  Y 520600
X 483000  Y 530600
X 483000  Y 520600
X 473000  Y 530600
X 473000  Y 520600
X 463000  Y 530600
X 463000  Y 520600
X 453000  Y 530600
X 453000  Y 520600
X 443000  Y 530600
X 443000  Y 520600
X 433000  Y 530600
X 433000  Y 520600
X 423000  Y 520600
X 423000  Y 530600

Drill: .039  Tool: 4  Feed: 197  Speed: 550
X 445150  Y 155500
X 445150  Y 212600
X 455000  Y 155500
X 464850  Y 212600
X 464850  Y 155500
X 765150  Y 155500
X 765150  Y 212600
X 775000  Y 155500
X 784850  Y 212600
X 784850  Y 155500
X 784850  Y 280500
X 784850  Y 337600
X 775000  Y 280500
X 765150  Y 280500
X 765150  Y 337600
X 464850  Y 280500
X 464850  Y 337600
X 455000  Y 280500
X 445150  Y 280500
X 445150  Y 337600

Drill: .04  Tool: 5  Feed: 139  Speed: 550
X 945000  Y 285000
X 945000  Y 295000

Drill: .05  Tool: 6  Feed: 107  Speed: 550
X 270000  Y 135000
X 270000  Y 115000
X 270000  Y 155000
X 270000  Y 190000
X 320000  Y 118500
X 342000  Y 155500
X 402500  Y 111000
X 476500  Y 117500
X 476500  Y 242500
X 402500  Y 236000
X 342000  Y 280500
X 320000  Y 243500
X 270000  Y 260000
X 270000  Y 280000
X 270000  Y 240000
X 270000  Y 315000
X 137500  Y 260000
X 115000  Y 245000
X 189500  Y 450000
X 190000  Y 405000
X 205000  Y 425000
X 208500  Y 354000
X 222500  Y 415000
X 230000  Y 440000
X 245000  Y 455000
X 445000  Y 385000
X 685000  Y 439000
X 716000  Y 428000
X 852500  Y 485000
X 622500  Y 477500
X 598000  Y 487500
X 267500  Y 472500

Drill: .055  Tool: 7  Feed: 107  Speed: 550
X 535750  Y 469150
X 535750  Y 490850
X 552250  Y 469150
X 552250  Y 490850

Drill: .063  Tool: 8  Feed: 89  Speed: 550
X 620600  Y 155000
X 620600  Y 174700
X 640300  Y 155000
X 640300  Y 174700
X 660000  Y 155000
X 660000  Y 174700
X 840300  Y 145000
X 840300  Y 164700
X 840300  Y 184400
X 860000  Y 145000
X 860000  Y 184400
X 860000  Y 164700
X 660000  Y 194400
X 660000  Y 233800
X 660000  Y 214100
X 660000  Y 253500
X 640300  Y 233800
X 640300  Y 214100
X 640300  Y 194400
X 640300  Y 253500
X 620600  Y 214100
X 620600  Y 194400
X 620600  Y 233800
X 620600  Y 253500

Drill: .067  Tool: 9  Feed: 89  Speed: 550
X 528000  Y 117500
X 528000  Y 242500
X 573000  Y 242500
X 573000  Y 117500
X 905000  Y 320000
X 950000  Y 320000
X 950000  Y 373000
X 905000  Y 373000

Drill: .071  Tool: 10  Feed: 81  Speed: 550
X 429000  Y 304928 X 429000  Y 315128
X 481000  Y 304900 X 481000  Y 315100
X 429000  Y 179928 X 429000  Y 190128
X 481000  Y 179900 X 481000  Y 190100
X 749000  Y 304928 X 749000  Y 315128
X 801000  Y 304900 X 801000  Y 315100
X 749000  Y 179928 X 749000  Y 190128
X 801000  Y 179900 X 801000  Y 190100

Drill: .073  Tool: 11  Feed: 81  Speed: 550
X 300000  Y 166500
X 300000  Y 185000
X 300000  Y 203500
X 300000  Y 291500
X 300000  Y 310000
X 300000  Y 328500

Drill: .073  Tool: 12  Feed: 81  Speed: 550
X 293750  Y 154000
X 293750  Y 216000
X 293750  Y 279000
X 306250  Y 216000
X 306250  Y 154000
X 306250  Y 279000
X 306250  Y 341000
X 293750  Y 341000

Drill: .079  Tool: 13  Feed: 81  Speed: 550
X 180000  Y 165000
X 180000  Y 290000
X 220000  Y 205000
X 220000  Y 330000

Drill: .108  Tool: 14  Feed: 69  Speed: 658
X 403800  Y 524900
X 632100  Y 524900
X 632100  Y 717800
X 403800  Y 717800

Drill: .11  Tool: 15  Feed: 69  Speed: 658
X 850150  Y 120600
X 850150  Y 208800

Drill: .13  Tool: 16  Feed: 35  Speed: 794
X 640300  Y 124500
X 640300  Y 284300

Drill: .15  Tool: 17  Feed: 35  Speed: 900
X 125000  Y 125000
X 125000  Y 475000
X 945000  Y 125000
X 945000  Y 475000

End of Listing
